2026-07-16 16:45:27,059 | INFO | Connected to Binance Futures Testnet
2026-07-16 16:47:17,421 | INFO | Connected to Binance Futures Testnet
2026-07-16 16:47:18,212 | INFO | Market Order Response: {}
2026-07-16 16:49:01,488 | INFO | Connected to Binance Futures Testnet
2026-07-16 16:53:07,457 | INFO | Connected to Binance Futures Testnet
2026-07-16 16:53:07,827 | INFO | Market Order Response: {}
2026-07-16 16:55:12,346 | INFO | Connected to Binance Futures Testnet
2026-07-16 16:55:12,758 | INFO | Market Order Response: {}
2026-07-16 16:58:40,713 | INFO | Connected to Binance Futures Testnet
2026-07-16 16:58:41,070 | INFO | Market Order Response: {}
2026-07-16 17:00:05,179 | INFO | Connected to Binance Futures Testnet
2026-07-16 17:18:50,024 | INFO | Connected to Binance Futures Testnet
2026-07-16 17:18:50,445 | INFO | Market Order Response: {'orderId': 22095538831, 'symbol': 'BTCUSDT', 'status': 'NEW', 'clientOrderId': 'x-Cb7ytekJb4d94ef15247c127ed3094', 'price': '0.00', 'origQty': '0.0010', 'executedQty': '0.0000', 'cumQty': '0.0000', 'timeInForce': 'GTC', 'type': 'MARKET', 'reduceOnly': False, 'closePosition': False, 'side': 'BUY', 'positionSide': 'BOTH', 'stopPrice': '0.00', 'workingType': 'CONTRACT_PRICE', 'priceProtect': False, 'origType': 'MARKET', 'priceMatch': 'NONE', 'selfTradePreventionMode': 'EXPIRE_MAKER', 'goodTillDate': 0, 'updateTime': 1784202530302}
2026-07-16 17:24:12,169 | INFO | Connected to Binance Futures Testnet
2026-07-16 17:24:12,494 | ERROR | Limit Order Error: APIError(code=-4164): Order's notional must be no smaller than 50 (unless you choose reduce only).
2026-07-16 17:24:51,331 | INFO | Connected to Binance Futures Testnet
2026-07-16 17:24:51,620 | INFO | Limit Order Response: {'orderId': 22096409048, 'symbol': 'BTCUSDT', 'status': 'NEW', 'clientOrderId': 'x-Cb7ytekJd1f8f60bea03947c2eb7aa', 'price': '60000.00', 'origQty': '0.0010', 'executedQty': '0.0000', 'cumQty': '0.0000', 'timeInForce': 'GTC', 'type': 'LIMIT', 'reduceOnly': False, 'closePosition': False, 'side': 'BUY', 'positionSide': 'BOTH', 'stopPrice': '0.00', 'workingType': 'CONTRACT_PRICE', 'priceProtect': False, 'origType': 'LIMIT', 'priceMatch': 'NONE', 'selfTradePreventionMode': 'EXPIRE_MAKER', 'goodTillDate': 0, 'updateTime': 1784202891510}
2026-07-16 17:40:03,468 | INFO | Connected to Binance Futures Testnet
2026-07-16 17:40:03,813 | INFO | Market Order Response: {'orderId': 22098555972, 'symbol': 'BTCUSDT', 'status': 'NEW', 'clientOrderId': 'x-Cb7ytekJ37dd334eb1f360f9fe7dab', 'price': '0.00', 'origQty': '0.0010', 'executedQty': '0.0000', 'cumQty': '0.0000', 'timeInForce': 'GTC', 'type': 'MARKET', 'reduceOnly': False, 'closePosition': False, 'side': 'BUY', 'positionSide': 'BOTH', 'stopPrice': '0.00', 'workingType': 'CONTRACT_PRICE', 'priceProtect': False, 'origType': 'MARKET', 'priceMatch': 'NONE', 'selfTradePreventionMode': 'EXPIRE_MAKER', 'goodTillDate': 0, 'updateTime': 1784203803727}
2026-07-16 17:40:17,919 | INFO | Connected to Binance Futures Testnet
2026-07-16 17:40:19,468 | INFO | Limit Order Response: {'orderId': 22098599457, 'symbol': 'BTCUSDT', 'status': 'NEW', 'clientOrderId': 'x-Cb7ytekJd1b3916bd698dbd9f5ab32', 'price': '60000.00', 'origQty': '0.0010', 'executedQty': '0.0000', 'cumQty': '0.0000', 'timeInForce': 'GTC', 'type': 'LIMIT', 'reduceOnly': False, 'closePosition': False, 'side': 'BUY', 'positionSide': 'BOTH', 'stopPrice': '0.00', 'workingType': 'CONTRACT_PRICE', 'priceProtect': False, 'origType': 'LIMIT', 'priceMatch': 'NONE', 'selfTradePreventionMode': 'EXPIRE_MAKER', 'goodTillDate': 0, 'updateTime': 1784203819355}
2026-07-16 17:40:27,347 | INFO | Connected to Binance Futures Testnet
2026-07-16 17:40:27,715 | INFO | Limit Order Response: {'orderId': 22098610533, 'symbol': 'BTCUSDT', 'status': 'NEW', 'clientOrderId': 'x-Cb7ytekJ3663d38c376cbf1307688a', 'price': '120000.00', 'origQty': '0.0010', 'executedQty': '0.0000', 'cumQty': '0.0000', 'timeInForce': 'GTC', 'type': 'LIMIT', 'reduceOnly': False, 'closePosition': False, 'side': 'SELL', 'positionSide': 'BOTH', 'stopPrice': '0.00', 'workingType': 'CONTRACT_PRICE', 'priceProtect': False, 'origType': 'LIMIT', 'priceMatch': 'NONE', 'selfTradePreventionMode': 'EXPIRE_MAKER', 'goodTillDate': 0, 'updateTime': 1784203827584}
